<?xml version="1.0" encoding="utf-8"?>
<test-run id="2" name="OnlineShopTest.exe" fullname="C:/Users/johan/Desktop/OnlineShop/OnlineShop/OnlineShopTest/bin/Debug/OnlineShopTest.exe" testcasecount="15" result="Passed" start-time="2019-10-31 15:56:33Z" end-time="2019-10-31 15:56:37Z" duration="3.551399" total="15" passed="15" failed="0" inconclusive="0" skipped="0" asserts="47" random-seed="659022835">
  <command-line><![CDATA["C:\Users\johan\Desktop\OnlineShop\OnlineShop\OnlineShopTest\bin\Debug\OnlineShopTest.exe"   ]]></command-line>
  <filter />
  <test-suite type="Assembly" id="1017" name="OnlineShopTest.exe" fullname="C:/Users/johan/Desktop/OnlineShop/OnlineShop/OnlineShopTest/bin/Debug/OnlineShopTest.exe" runstate="Runnable" testcasecount="15" result="Passed" start-time="2019-10-31 15:56:33Z" end-time="2019-10-31 15:56:37Z" duration="3.551399" total="15" passed="15" failed="0" warnings="0" inconclusive="0" skipped="0" asserts="47">
    <environment framework-version="3.12.0.0" clr-version="4.0.30319.42000" os-version="Microsoft Windows NT 10.0.17763" platform="Win32NT" cwd="C:\Users\johan\Desktop\OnlineShop\OnlineShop\OnlineShopTest\bin\Debug" machine-name="DESKTOP-86HSREF" user="johan" user-domain="DESKTOP-86HSREF" culture="de-DE" uiculture="de-DE" os-architecture="x86" />
    <settings>
      <setting name="WorkDirectory" value="C:\Users\johan\Desktop\OnlineShop\OnlineShop\OnlineShopTest\bin\Debug" />
      <setting name="NumberOfTestWorkers" value="8" />
    </settings>
    <properties>
      <property name="_PID" value="12216" />
      <property name="_APPDOMAIN" value="OnlineShopTest.exe" />
    </properties>
    <test-suite type="TestSuite" id="1018" name="OnlineShopTest" fullname="OnlineShopTest" runstate="Runnable" testcasecount="15" result="Passed" start-time="2019-10-31 15:56:33Z" end-time="2019-10-31 15:56:37Z" duration="3.532059" total="15" passed="15" failed="0" warnings="0" inconclusive="0" skipped="0" asserts="47">
      <test-suite type="TestFixture" id="1000" name="DatabaseTest" fullname="OnlineShopTest.DatabaseTest" classname="OnlineShopTest.DatabaseTest" runstate="Runnable" testcasecount="11" result="Passed" start-time="2019-10-31 15:56:33Z" end-time="2019-10-31 15:56:37Z" duration="3.433556" total="11" passed="11" failed="0" warnings="0" inconclusive="0" skipped="0" asserts="21">
        <test-case id="1001" name="TestAddCPU" fullname="OnlineShopTest.DatabaseTest.TestAddCPU" methodname="TestAddCPU" classname="OnlineShopTest.DatabaseTest" runstate="Runnable" seed="220601427" result="Passed" start-time="2019-10-31 15:56:33Z" end-time="2019-10-31 15:56:34Z" duration="0.682167" asserts="2" />
        <test-case id="1002" name="TestAddGraphic" fullname="OnlineShopTest.DatabaseTest.TestAddGraphic" methodname="TestAddGraphic" classname="OnlineShopTest.DatabaseTest" runstate="Runnable" seed="756290974" result="Passed" start-time="2019-10-31 15:56:34Z" end-time="2019-10-31 15:56:34Z" duration="0.163158" asserts="2" />
        <test-case id="1003" name="TestAddHardDrive" fullname="OnlineShopTest.DatabaseTest.TestAddHardDrive" methodname="TestAddHardDrive" classname="OnlineShopTest.DatabaseTest" runstate="Runnable" seed="1187358213" result="Passed" start-time="2019-10-31 15:56:34Z" end-time="2019-10-31 15:56:34Z" duration="0.161199" asserts="3" />
        <test-case id="1005" name="TestAddNotebook" fullname="OnlineShopTest.DatabaseTest.TestAddNotebook" methodname="TestAddNotebook" classname="OnlineShopTest.DatabaseTest" runstate="Runnable" seed="489295601" result="Passed" start-time="2019-10-31 15:56:34Z" end-time="2019-10-31 15:56:35Z" duration="0.248816" asserts="2" />
        <test-case id="1004" name="TestAddProduct" fullname="OnlineShopTest.DatabaseTest.TestAddProduct" methodname="TestAddProduct" classname="OnlineShopTest.DatabaseTest" runstate="Runnable" seed="2091783676" result="Passed" start-time="2019-10-31 15:56:35Z" end-time="2019-10-31 15:56:35Z" duration="0.134660" asserts="2" />
        <test-case id="1006" name="TestDeleteNotebook" fullname="OnlineShopTest.DatabaseTest.TestDeleteNotebook" methodname="TestDeleteNotebook" classname="OnlineShopTest.DatabaseTest" runstate="Runnable" seed="353426859" result="Passed" start-time="2019-10-31 15:56:35Z" end-time="2019-10-31 15:56:35Z" duration="0.408675" asserts="5" />
        <test-case id="1007" name="TestGetNotebooksbyCPU" fullname="OnlineShopTest.DatabaseTest.TestGetNotebooksbyCPU" methodname="TestGetNotebooksbyCPU" classname="OnlineShopTest.DatabaseTest" runstate="Runnable" seed="1580445619" result="Passed" start-time="2019-10-31 15:56:35Z" end-time="2019-10-31 15:56:35Z" duration="0.358372" asserts="1" />
        <test-case id="1008" name="TestGetNotebooksbyGraphic" fullname="OnlineShopTest.DatabaseTest.TestGetNotebooksbyGraphic" methodname="TestGetNotebooksbyGraphic" classname="OnlineShopTest.DatabaseTest" runstate="Runnable" seed="91060146" result="Passed" start-time="2019-10-31 15:56:35Z" end-time="2019-10-31 15:56:36Z" duration="0.352146" asserts="1" />
        <test-case id="1009" name="TestGetNotebooksbyHardDrive" fullname="OnlineShopTest.DatabaseTest.TestGetNotebooksbyHardDrive" methodname="TestGetNotebooksbyHardDrive" classname="OnlineShopTest.DatabaseTest" runstate="Runnable" seed="1858722871" result="Passed" start-time="2019-10-31 15:56:36Z" end-time="2019-10-31 15:56:36Z" duration="0.348213" asserts="1" />
        <test-case id="1010" name="TestGetNotebooksbyNotebookData" fullname="OnlineShopTest.DatabaseTest.TestGetNotebooksbyNotebookData" methodname="TestGetNotebooksbyNotebookData" classname="OnlineShopTest.DatabaseTest" runstate="Runnable" seed="1004463939" result="Passed" start-time="2019-10-31 15:56:36Z" end-time="2019-10-31 15:56:37Z" duration="0.348202" asserts="1" />
        <test-case id="1011" name="TestGetProducts" fullname="OnlineShopTest.DatabaseTest.TestGetProducts" methodname="TestGetProducts" classname="OnlineShopTest.DatabaseTest" runstate="Runnable" seed="765567145" result="Passed" start-time="2019-10-31 15:56:37Z" end-time="2019-10-31 15:56:37Z" duration="0.210370" asserts="1" />
      </test-suite>
      <test-suite type="TestFixture" id="1012" name="ViewModelTest" fullname="OnlineShopTest.ViewModelTest" classname="OnlineShopTest.ViewModelTest" runstate="Runnable" testcasecount="4" result="Passed" start-time="2019-10-31 15:56:37Z" end-time="2019-10-31 15:56:37Z" duration="0.089979" total="4" passed="4" failed="0" warnings="0" inconclusive="0" skipped="0" asserts="26">
        <test-case id="1013" name="TestCPUViewModel" fullname="OnlineShopTest.ViewModelTest.TestCPUViewModel" methodname="TestCPUViewModel" classname="OnlineShopTest.ViewModelTest" runstate="Runnable" seed="582155746" result="Passed" start-time="2019-10-31 15:56:37Z" end-time="2019-10-31 15:56:37Z" duration="0.038251" asserts="12" />
        <test-case id="1015" name="TestGraphicViewModel" fullname="OnlineShopTest.ViewModelTest.TestGraphicViewModel" methodname="TestGraphicViewModel" classname="OnlineShopTest.ViewModelTest" runstate="Runnable" seed="1930318357" result="Passed" start-time="2019-10-31 15:56:37Z" end-time="2019-10-31 15:56:37Z" duration="0.013267" asserts="6" />
        <test-case id="1014" name="TestHardDriveViewModel" fullname="OnlineShopTest.ViewModelTest.TestHardDriveViewModel" methodname="TestHardDriveViewModel" classname="OnlineShopTest.ViewModelTest" runstate="Runnable" seed="1465056551" result="Passed" start-time="2019-10-31 15:56:37Z" end-time="2019-10-31 15:56:37Z" duration="0.013997" asserts="4" />
        <test-case id="1016" name="TestNotebookViewModel" fullname="OnlineShopTest.ViewModelTest.TestNotebookViewModel" methodname="TestNotebookViewModel" classname="OnlineShopTest.ViewModelTest" runstate="Runnable" seed="1726310658" result="Passed" start-time="2019-10-31 15:56:37Z" end-time="2019-10-31 15:56:37Z" duration="0.023997" asserts="4" />
      </test-suite>
    </test-suite>
  </test-suite>
</test-run>